[0m08:49:01.345843 [debug] [MainThread]: Sending event: {'category': 'dbt', 'action': 'invocation', 'label': 'start', 'context': [<snowplow_tracker.self_describing_json.SelfDescribingJson object at 0x10b95f390>, <snowplow_tracker.self_describing_json.SelfDescribingJson object at 0x10b95f690>, <snowplow_tracker.self_describing_json.SelfDescribingJson object at 0x10b95f6d0>]}


============================== 08:49:01.350603 | 352bcbcd-a5e8-4a5f-9ae2-ca6e6ed0cb72 ==============================
[0m08:49:01.350603 [info ] [MainThread]: Running with dbt=1.5.2
[0m08:49:01.351561 [debug] [MainThread]: running dbt with arguments {'warn_error_options': 'WarnErrorOptions(include=[], exclude=[])', 'partial_parse': 'True', 'version_check': 'True', 'printer_width': '80', 'target_path': 'None', 'introspect': 'True', 'warn_error': 'None', 'quiet': 'False', 'use_experimental_parser': 'False', 'cache_selected_only': 'False', 'use_colors': 'True', 'write_json': 'True', 'no_print': 'None', 'fail_fast': 'False', 'log_path': 'logs', 'log_cache_events': 'False', 'indirect_selection': 'eager', 'static_parser': 'True', 'log_format': 'default', 'profiles_dir': '/Users/mingham/.dbt', 'send_anonymous_usage_stats': 'True', 'debug': 'False'}
[0m08:49:11.096447 [debug] [MainThread]: Starter project path: /Users/mingham/.virtualenvs/dbt-env/lib/python3.7/site-packages/dbt/include/starter_project
[0m08:49:13.292127 [info ] [MainThread]: 
Your new dbt project "dbt_lorenz" was created!

For more information on how to configure the profiles.yml file,
please consult the dbt documentation here:

  https://docs.getdbt.com/docs/configure-your-profile

One more thing:

Need help? Don't hesitate to reach out to us via GitHub issues or on Slack:

  https://community.getdbt.com/

Happy modeling!

[0m08:49:13.293929 [debug] [MainThread]: Command `dbt init` succeeded at 08:49:13.293254 after 12.02 seconds
[0m08:49:13.294662 [debug] [MainThread]: Sending event: {'category': 'dbt', 'action': 'invocation', 'label': 'end', 'context': [<snowplow_tracker.self_describing_json.SelfDescribingJson object at 0x10beb5690>, <snowplow_tracker.self_describing_json.SelfDescribingJson object at 0x10b95f5d0>, <snowplow_tracker.self_describing_json.SelfDescribingJson object at 0x10b95f810>]}
[0m08:49:13.295291 [debug] [MainThread]: Flushing usage events
[0m09:11:21.661490 [debug] [MainThread]: Sending event: {'category': 'dbt', 'action': 'invocation', 'label': 'start', 'context': [<snowplow_tracker.self_describing_json.SelfDescribingJson object at 0x10974fbd0>, <snowplow_tracker.self_describing_json.SelfDescribingJson object at 0x10974f250>, <snowplow_tracker.self_describing_json.SelfDescribingJson object at 0x10974f350>]}


============================== 09:11:21.667201 | 33bcebce-83f6-4829-816e-b7f9054a17fe ==============================
[0m09:11:21.667201 [info ] [MainThread]: Running with dbt=1.5.2
[0m09:11:21.668488 [debug] [MainThread]: running dbt with arguments {'use_experimental_parser': 'False', 'debug': 'False', 'log_format': 'default', 'send_anonymous_usage_stats': 'True', 'write_json': 'True', 'fail_fast': 'False', 'quiet': 'False', 'version_check': 'True', 'static_parser': 'True', 'log_cache_events': 'False', 'log_path': 'logs', 'introspect': 'True', 'indirect_selection': 'eager', 'use_colors': 'True', 'profiles_dir': '/Users/mingham/.dbt', 'partial_parse': 'True', 'printer_width': '80', 'no_print': 'None', 'warn_error_options': 'WarnErrorOptions(include=[], exclude=[])', 'target_path': 'None', 'cache_selected_only': 'False', 'warn_error': 'None'}
[0m09:11:21.669626 [error] [MainThread]: Encountered an error:
Runtime Error
  No dbt_project.yml found at expected path /Users/mingham/Documents/GitHub/dbt-lorenz/dbt_project.yml
  Verify that each entry within packages.yml (and their transitive dependencies) contains a file named dbt_project.yml
  
[0m09:11:21.670931 [debug] [MainThread]: Command `dbt seed` failed at 09:11:21.670639 after 0.05 seconds
[0m09:11:21.671578 [debug] [MainThread]: Sending event: {'category': 'dbt', 'action': 'invocation', 'label': 'end', 'context': [<snowplow_tracker.self_describing_json.SelfDescribingJson object at 0x1075a0d50>, <snowplow_tracker.self_describing_json.SelfDescribingJson object at 0x10979ee90>, <snowplow_tracker.self_describing_json.SelfDescribingJson object at 0x10977add0>]}
[0m09:11:21.672237 [debug] [MainThread]: Flushing usage events
